{"numFailedTestSuites":0,"numFailedTests":0,"numPassedTestSuites":22,"numPassedTests":77,"numPendingTestSuites":0,"numPendingTests":0,"numRuntimeErrorTestSuites":0,"numTodoTests":0,"numTotalTestSuites":22,"numTotalTests":77,"openHandles":[],"snapshot":{"added":0,"didUpdate":false,"failure":false,"filesAdded":0,"filesRemoved":0,"filesRemovedList":[],"filesUnmatched":0,"filesUpdated":0,"matched":0,"total":0,"unchecked":0,"uncheckedKeysByFile":[],"unmatched":0,"updated":0},"startTime":1790112314330,"success":true,"testResults":[{"assertionResults":[{"ancestorTitles":["formatShoppingListCollapsibleTitle"],"duration":5,"failureDetails":[],"failureMessages":[],"fullName":"formatShoppingListCollapsibleTitle returns name only when count is unknown","invocations":1,"location":null,"numPassingAsserts":1,"retryReasons":[],"status":"passed","title":"returns name only when count is unknown"},{"ancestorTitles":["formatShoppingListCollapsibleTitle"],"duration":1,"failureDetails":[],"failureMessages":[],"fullName":"formatShoppingListCollapsibleTitle includes count when loaded","invocations":1,"location":null,"numPassingAsserts":1,"retryReasons":[],"status":"passed","title":"includes count when loaded"},{"ancestorTitles":["defaultShoppingListExpanded"],"duration":0,"failureDetails":[],"failureMessages":[],"fullName":"defaultShoppingListExpanded expands the only list","invocations":1,"location":null,"numPassingAsserts":1,"retryReasons":[],"status":"passed","title":"expands the only list"},{"ancestorTitles":["defaultShoppingListExpanded"],"duration":0,"failureDetails":[],"failureMessages":[],"fullName":"defaultShoppingListExpanded expands first list when multiple exist","invocations":1,"location":null,"numPassingAsserts":2,"retryReasons":[],"status":"passed","title":"expands first list when multiple exist"}],"endTime":1790112315439,"message":"","name":"C:\\Users\\blahu\\Documents\\dev\\ai-recipe-app\\apps\\mobile\\lib\\__tests__\\shoppingListSectionTitle.test.ts","startTime":1790112314845,"status":"passed","summary":""},{"assertionResults":[{"ancestorTitles":["tailscaleUrls"],"duration":4,"failureDetails":[],"failureMessages":[],"fullName":"tailscaleUrls strips trailing dots from MagicDNS names","invocations":1,"location":null,"numPassingAsserts":1,"retryReasons":[],"status":"passed","title":"strips trailing dots from MagicDNS names"},{"ancestorTitles":["tailscaleUrls"],"duration":1,"failureDetails":[],"failureMessages":[],"fullName":"tailscaleUrls builds the dedicated HTTP API URL for Settings","invocations":1,"location":null,"numPassingAsserts":1,"retryReasons":[],"status":"passed","title":"builds the dedicated HTTP API URL for Settings"},{"ancestorTitles":["tailscaleUrls"],"duration":0,"failureDetails":[],"failureMessages":[],"fullName":"tailscaleUrls builds the HTTPS Serve URL without a port","invocations":1,"location":null,"numPassingAsserts":1,"retryReasons":[],"status":"passed","title":"builds the HTTPS Serve URL without a port"},{"ancestorTitles":["tailscaleUrls"],"duration":0,"failureDetails":[],"failureMessages":[],"fullName":"tailscaleUrls recognizes ts.net dedicated hosts","invocations":1,"location":null,"numPassingAsserts":2,"retryReasons":[],"status":"passed","title":"recognizes ts.net dedicated hosts"}],"endTime":1790112315459,"message":"","name":"C:\\Users\\blahu\\Documents\\dev\\ai-recipe-app\\apps\\mobile\\lib\\__tests__\\tailscaleUrls.test.ts","startTime":1790112314838,"status":"passed","summary":""},{"assertionResults":[{"ancestorTitles":["weeklyAdChainsForPicker"],"duration":5,"failureDetails":[],"failureMessages":[],"fullName":"weeklyAdChainsForPicker includes Walmart and Aldi even without saved stores","invocations":1,"location":null,"numPassingAsserts":2,"retryReasons":[],"status":"passed","title":"includes Walmart and Aldi even without saved stores"},{"ancestorTitles":["weeklyAdChainsForPicker"],"duration":1,"failureDetails":[],"failureMessages":[],"fullName":"weeklyAdChainsForPicker dedupes saved store chains with defaults","invocations":1,"location":null,"numPassingAsserts":1,"retryReasons":[],"status":"passed","title":"dedupes saved store chains with defaults"},{"ancestorTitles":["weeklyAdChainsForPicker"],"duration":0,"failureDetails":[],"failureMessages":[],"fullName":"weeklyAdChainsForPicker omits Harris Teeter from the weekly ad picker","invocations":1,"location":null,"numPassingAsserts":1,"retryReasons":[],"status":"passed","title":"omits Harris Teeter from the weekly ad picker"}],"endTime":1790112315479,"message":"","name":"C:\\Users\\blahu\\Documents\\dev\\ai-recipe-app\\apps\\mobile\\lib\\__tests__\\storeChains.test.ts","startTime":1790112314862,"status":"passed","summary":""},{"assertionResults":[{"ancestorTitles":["findFavoriteMatch"],"duration":3,"failureDetails":[],"failureMessages":[],"fullName":"findFavoriteMatch matches by title case-insensitively","invocations":1,"location":null,"numPassingAsserts":1,"retryReasons":[],"status":"passed","title":"matches by title case-insensitively"}],"endTime":1790112315478,"message":"","name":"C:\\Users\\blahu\\Documents\\dev\\ai-recipe-app\\apps\\mobile\\lib\\__tests__\\recipeFavorites.test.ts","startTime":1790112314869,"status":"passed","summary":""},{"assertionResults":[{"ancestorTitles":["formatStockRecipeAlertMessage"],"duration":4,"failureDetails":[],"failureMessages":[],"fullName":"formatStockRecipeAlertMessage explains zero lines","invocations":1,"location":null,"numPassingAsserts":1,"retryReasons":[],"status":"passed","title":"explains zero lines"},{"ancestorTitles":["formatStockRecipeAlertMessage"],"duration":0,"failureDetails":[],"failureMessages":[],"fullName":"formatStockRecipeAlertMessage mentions refresh and Done for successful adds","invocations":1,"location":null,"numPassingAsserts":4,"retryReasons":[],"status":"passed","title":"mentions refresh and Done for successful adds"}],"endTime":1790112315490,"message":"","name":"C:\\Users\\blahu\\Documents\\dev\\ai-recipe-app\\apps\\mobile\\lib\\__tests__\\formatStockRecipeAlert.test.ts","startTime":1790112314875,"status":"passed","summary":""},{"assertionResults":[{"ancestorTitles":["uiActionLabels"],"duration":5,"failureDetails":[],"failureMessages":[],"fullName":"uiActionLabels uses recipe and shopping action labels","invocations":1,"location":null,"numPassingAsserts":5,"retryReasons":[],"status":"passed","title":"uses recipe and shopping action labels"},{"ancestorTitles":["uiActionLabels"],"duration":0,"failureDetails":[],"failureMessages":[],"fullName":"uiActionLabels builds share accessibility labels","invocations":1,"location":null,"numPassingAsserts":2,"retryReasons":[],"status":"passed","title":"builds share accessibility labels"}],"endTime":1790112315488,"message":"","name":"C:\\Users\\blahu\\Documents\\dev\\ai-recipe-app\\apps\\mobile\\lib\\__tests__\\uiActionLabels.test.ts","startTime":1790112314875,"status":"passed","summary":""},{"assertionResults":[{"ancestorTitles":["shoppingFromMealPlanAlert"],"duration":4,"failureDetails":[],"failureMessages":[],"fullName":"shoppingFromMealPlanAlert maps API payload","invocations":1,"location":null,"numPassingAsserts":1,"retryReasons":[],"status":"passed","title":"maps API payload"},{"ancestorTitles":["shoppingFromMealPlanAlert"],"duration":1,"failureDetails":[],"failureMessages":[],"fullName":"shoppingFromMealPlanAlert title when already stocked","invocations":1,"location":null,"numPassingAsserts":1,"retryReasons":[],"status":"passed","title":"title when already stocked"},{"ancestorTitles":["shoppingFromMealPlanAlert"],"duration":0,"failureDetails":[],"failureMessages":[],"fullName":"shoppingFromMealPlanAlert message avoids pantry wording","invocations":1,"location":null,"numPassingAsserts":2,"retryReasons":[],"status":"passed","title":"message avoids pantry wording"}],"endTime":1790112315506,"message":"","name":"C:\\Users\\blahu\\Documents\\dev\\ai-recipe-app\\apps\\mobile\\lib\\__tests__\\shoppingFromMealPlanAlert.test.ts","startTime":1790112314878,"status":"passed","summary":""},{"assertionResults":[{"ancestorTitles":["expoGoProjectUrlFromHost"],"duration":4,"failureDetails":[],"failureMessages":[],"fullName":"expoGoProjectUrlFromHost uses LAN hostUri when not loopback","invocations":1,"location":null,"numPassingAsserts":1,"retryReasons":[],"status":"passed","title":"uses LAN hostUri when not loopback"},{"ancestorTitles":["expoGoProjectUrlFromHost"],"duration":0,"failureDetails":[],"failureMessages":[],"fullName":"expoGoProjectUrlFromHost uses lanHost when hostUri is localhost (PC web preview)","invocations":1,"location":null,"numPassingAsserts":1,"retryReasons":[],"status":"passed","title":"uses lanHost when hostUri is localhost (PC web preview)"},{"ancestorTitles":["expoGoProjectUrlFromHost"],"duration":0,"failureDetails":[],"failureMessages":[],"fullName":"expoGoProjectUrlFromHost builds from lanHost alone","invocations":1,"location":null,"numPassingAsserts":1,"retryReasons":[],"status":"passed","title":"builds from lanHost alone"},{"ancestorTitles":["expoGoDisplayUrl"],"duration":0,"failureDetails":[],"failureMessages":[],"fullName":"expoGoDisplayUrl falls back to lanHost for localhost Metro","invocations":1,"location":null,"numPassingAsserts":1,"retryReasons":[],"status":"passed","title":"falls back to lanHost for localhost Metro"},{"ancestorTitles":["qrCodeImageUri"],"duration":0,"failureDetails":[],"failureMessages":[],"fullName":"qrCodeImageUri builds a QR image URI","invocations":1,"location":null,"numPassingAsserts":1,"retryReasons":[],"status":"passed","title":"builds a QR image URI"}],"endTime":1790112315512,"message":"","name":"C:\\Users\\blahu\\Documents\\dev\\ai-recipe-app\\apps\\mobile\\lib\\__tests__\\expoGoDevUrl.test.ts","startTime":1790112314874,"status":"passed","summary":""},{"assertionResults":[{"ancestorTitles":["homeServerReadyFromHealth"],"duration":4,"failureDetails":[],"failureMessages":[],"fullName":"homeServerReadyFromHealth marks server ok when status is ok","invocations":1,"location":null,"numPassingAsserts":1,"retryReasons":[],"status":"passed","title":"marks server ok when status is ok"},{"ancestorTitles":["homeServerReadyFromHealth"],"duration":1,"failureDetails":[],"failureMessages":[],"fullName":"homeServerReadyFromHealth passes through ollama and ingredient count","invocations":1,"location":null,"numPassingAsserts":1,"retryReasons":[],"status":"passed","title":"passes through ollama and ingredient count"},{"ancestorTitles":["homeServerStatusLines"],"duration":1,"failureDetails":[],"failureMessages":[],"fullName":"homeServerStatusLines returns three status lines with expected labels when healthy","invocations":1,"location":null,"numPassingAsserts":4,"retryReasons":[],"status":"passed","title":"returns three status lines with expected labels when healthy"},{"ancestorTitles":["homeServerStatusLines"],"duration":0,"failureDetails":[],"failureMessages":[],"fullName":"homeServerStatusLines uses singular ingredient label","invocations":1,"location":null,"numPassingAsserts":1,"retryReasons":[],"status":"passed","title":"uses singular ingredient label"},{"ancestorTitles":["homeServerStatusLines"],"duration":1,"failureDetails":[],"failureMessages":[],"fullName":"homeServerStatusLines handles unknown ollama status","invocations":1,"location":null,"numPassingAsserts":3,"retryReasons":[],"status":"passed","title":"handles unknown ollama status"}],"endTime":1790112315509,"message":"","name":"C:\\Users\\blahu\\Documents\\dev\\ai-recipe-app\\apps\\mobile\\lib\\__tests__\\homeServerReady.test.ts","startTime":1790112314879,"status":"passed","summary":""},{"assertionResults":[{"ancestorTitles":["formatApiDetail"],"duration":1,"failureDetails":[],"failureMessages":[],"fullName":"formatApiDetail returns string detail","invocations":1,"location":null,"numPassingAsserts":1,"retryReasons":[],"status":"passed","title":"returns string detail"},{"ancestorTitles":["formatApiDetail"],"duration":0,"failureDetails":[],"failureMessages":[],"fullName":"formatApiDetail joins validation error arrays","invocations":1,"location":null,"numPassingAsserts":1,"retryReasons":[],"status":"passed","title":"joins validation error arrays"}],"endTime":1790112315689,"message":"","name":"C:\\Users\\blahu\\Documents\\dev\\ai-recipe-app\\apps\\mobile\\lib\\__tests__\\formatApiDetail.test.ts","startTime":1790112315625,"status":"passed","summary":""},{"assertionResults":[{"ancestorTitles":["formatFilteredSectionTitle"],"duration":4,"failureDetails":[],"failureMessages":[],"fullName":"formatFilteredSectionTitle shows total count when search is empty","invocations":1,"location":null,"numPassingAsserts":1,"retryReasons":[],"status":"passed","title":"shows total count when search is empty"},{"ancestorTitles":["formatFilteredSectionTitle"],"duration":1,"failureDetails":[],"failureMessages":[],"fullName":"formatFilteredSectionTitle shows total count when search matches all rows","invocations":1,"location":null,"numPassingAsserts":1,"retryReasons":[],"status":"passed","title":"shows total count when search matches all rows"},{"ancestorTitles":["formatFilteredSectionTitle"],"duration":0,"failureDetails":[],"failureMessages":[],"fullName":"formatFilteredSectionTitle shows visible of total when search narrows results","invocations":1,"location":null,"numPassingAsserts":1,"retryReasons":[],"status":"passed","title":"shows visible of total when search narrows results"},{"ancestorTitles":["formatFilteredSectionTitle"],"duration":0,"failureDetails":[],"failureMessages":[],"fullName":"formatFilteredSectionTitle ignores whitespace-only search for of/total formatting","invocations":1,"location":null,"numPassingAsserts":1,"retryReasons":[],"status":"passed","title":"ignores whitespace-only search for of/total formatting"}],"endTime":1790112315526,"message":"","name":"C:\\Users\\blahu\\Documents\\dev\\ai-recipe-app\\apps\\mobile\\lib\\__tests__\\recipeSectionTitle.test.ts","startTime":1790112314911,"status":"passed","summary":""},{"assertionResults":[{"ancestorTitles":["expirationInputFromIso"],"duration":5,"failureDetails":[],"failureMessages":[],"fullName":"expirationInputFromIso extracts YYYY-MM-DD from ISO timestamp","invocations":1,"location":null,"numPassingAsserts":1,"retryReasons":[],"status":"passed","title":"extracts YYYY-MM-DD from ISO timestamp"},{"ancestorTitles":["expirationInputFromIso"],"duration":0,"failureDetails":[],"failureMessages":[],"fullName":"expirationInputFromIso returns empty for missing or invalid","invocations":1,"location":null,"numPassingAsserts":2,"retryReasons":[],"status":"passed","title":"returns empty for missing or invalid"},{"ancestorTitles":["expiresAtIsoFromDateInput"],"duration":1,"failureDetails":[],"failureMessages":[],"fullName":"expiresAtIsoFromDateInput builds noon UTC ISO from valid date","invocations":1,"location":null,"numPassingAsserts":1,"retryReasons":[],"status":"passed","title":"builds noon UTC ISO from valid date"},{"ancestorTitles":["expiresAtIsoFromDateInput"],"duration":1,"failureDetails":[],"failureMessages":[],"fullName":"expiresAtIsoFromDateInput rejects invalid calendar dates","invocations":1,"location":null,"numPassingAsserts":3,"retryReasons":[],"status":"passed","title":"rejects invalid calendar dates"},{"ancestorTitles":["expiresAtIsoFromDate"],"duration":0,"failureDetails":[],"failureMessages":[],"fullName":"expiresAtIsoFromDate uses local calendar day","invocations":1,"location":null,"numPassingAsserts":1,"retryReasons":[],"status":"passed","title":"uses local calendar day"},{"ancestorTitles":["dateFromExpiresAtIso"],"duration":1,"failureDetails":[],"failureMessages":[],"fullName":"dateFromExpiresAtIso round-trips with date input helpers","invocations":1,"location":null,"numPassingAsserts":4,"retryReasons":[],"status":"passed","title":"round-trips with date input helpers"},{"ancestorTitles":["isExpirationDue"],"duration":1,"failureDetails":[],"failureMessages":[],"fullName":"isExpirationDue is true when expiration day is before today","invocations":1,"location":null,"numPassingAsserts":1,"retryReasons":[],"status":"passed","title":"is true when expiration day is before today"},{"ancestorTitles":["isExpirationDue"],"duration":1,"failureDetails":[],"failureMessages":[],"fullName":"isExpirationDue is false when expiration is in the future","invocations":1,"location":null,"numPassingAsserts":1,"retryReasons":[],"status":"passed","title":"is false when expiration is in the future"},{"ancestorTitles":["formatIngredientExpirationPhrase"],"duration":12,"failureDetails":[],"failureMessages":[],"fullName":"formatIngredientExpirationPhrase uses expired vs expires based on date","invocations":1,"location":null,"numPassingAsserts":2,"retryReasons":[],"status":"passed","title":"uses expired vs expires based on date"}],"endTime":1790112315523,"message":"","name":"C:\\Users\\blahu\\Documents\\dev\\ai-recipe-app\\apps\\mobile\\lib\\__tests__\\expirationDate.test.ts","startTime":1790112314882,"status":"passed","summary":""},{"assertionResults":[{"ancestorTitles":["formatRecipeShare"],"duration":5,"failureDetails":[],"failureMessages":[],"fullName":"formatRecipeShare includes title, meta, ingredients, and steps","invocations":1,"location":null,"numPassingAsserts":6,"retryReasons":[],"status":"passed","title":"includes title, meta, ingredients, and steps"},{"ancestorTitles":["formatShoppingListShare"],"duration":1,"failureDetails":[],"failureMessages":[],"fullName":"formatShoppingListShare formats empty list","invocations":1,"location":null,"numPassingAsserts":1,"retryReasons":[],"status":"passed","title":"formats empty list"},{"ancestorTitles":["formatShoppingListShare"],"duration":0,"failureDetails":[],"failureMessages":[],"fullName":"formatShoppingListShare marks checked items and shows quantity","invocations":1,"location":null,"numPassingAsserts":2,"retryReasons":[],"status":"passed","title":"marks checked items and shows quantity"}],"endTime":1790112315547,"message":"","name":"C:\\Users\\blahu\\Documents\\dev\\ai-recipe-app\\apps\\mobile\\lib\\__tests__\\shareContent.test.ts","startTime":1790112314916,"status":"passed","summary":""},{"assertionResults":[{"ancestorTitles":["storageSectionIdForItem"],"duration":5,"failureDetails":[],"failureMessages":[],"fullName":"storageSectionIdForItem maps empty location to Unassigned","invocations":1,"location":null,"numPassingAsserts":1,"retryReasons":[],"status":"passed","title":"maps empty location to Unassigned"},{"ancestorTitles":["storageSectionIdForItem"],"duration":0,"failureDetails":[],"failureMessages":[],"fullName":"storageSectionIdForItem maps builtin zones by name","invocations":1,"location":null,"numPassingAsserts":1,"retryReasons":[],"status":"passed","title":"maps builtin zones by name"},{"ancestorTitles":["storageSectionIdForItem"],"duration":1,"failureDetails":[],"failureMessages":[],"fullName":"storageSectionIdForItem maps custom zones","invocations":1,"location":null,"numPassingAsserts":1,"retryReasons":[],"status":"passed","title":"maps custom zones"},{"ancestorTitles":["storageSectionIdForItem"],"duration":0,"failureDetails":[],"failureMessages":[],"fullName":"storageSectionIdForItem maps unknown locations to Other","invocations":1,"location":null,"numPassingAsserts":1,"retryReasons":[],"status":"passed","title":"maps unknown locations to Other"}],"endTime":1790112315555,"message":"","name":"C:\\Users\\blahu\\Documents\\dev\\ai-recipe-app\\apps\\mobile\\lib\\__tests__\\inventoryStorageSection.test.ts","startTime":1790112314946,"status":"passed","summary":""},{"assertionResults":[{"ancestorTitles":["mealPlanWeek"],"duration":6,"failureDetails":[],"failureMessages":[],"fullName":"mealPlanWeek formats and parses plan dates in local time","invocations":1,"location":null,"numPassingAsserts":4,"retryReasons":[],"status":"passed","title":"formats and parses plan dates in local time"},{"ancestorTitles":["mealPlanWeek"],"duration":0,"failureDetails":[],"failureMessages":[],"fullName":"mealPlanWeek finds Monday on or before a Wednesday","invocations":1,"location":null,"numPassingAsserts":1,"retryReasons":[],"status":"passed","title":"finds Monday on or before a Wednesday"},{"ancestorTitles":["mealPlanWeek"],"duration":1,"failureDetails":[],"failureMessages":[],"fullName":"mealPlanWeek builds a seven-day week range","invocations":1,"location":null,"numPassingAsserts":3,"retryReasons":[],"status":"passed","title":"builds a seven-day week range"},{"ancestorTitles":["mealPlanWeek"],"duration":1,"failureDetails":[],"failureMessages":[],"fullName":"mealPlanWeek adds days across month boundaries","invocations":1,"location":null,"numPassingAsserts":1,"retryReasons":[],"status":"passed","title":"adds days across month boundaries"},{"ancestorTitles":["mealPlanWeek"],"duration":0,"failureDetails":[],"failureMessages":[],"fullName":"mealPlanWeek orders meal slots","invocations":1,"location":null,"numPassingAsserts":1,"retryReasons":[],"status":"passed","title":"orders meal slots"},{"ancestorTitles":["mealPlanWeek"],"duration":1,"failureDetails":[],"failureMessages":[],"fullName":"mealPlanWeek formats week range label","invocations":1,"location":null,"numPassingAsserts":1,"retryReasons":[],"status":"passed","title":"formats week range label"}],"endTime":1790112315552,"message":"","name":"C:\\Users\\blahu\\Documents\\dev\\ai-recipe-app\\apps\\mobile\\lib\\__tests__\\mealPlanWeek.test.ts","startTime":1790112314940,"status":"passed","summary":""},{"assertionResults":[{"ancestorTitles":["parseServerUrlFromQr"],"duration":4,"failureDetails":[],"failureMessages":[],"fullName":"parseServerUrlFromQr accepts a plain HTTP API URL","invocations":1,"location":null,"numPassingAsserts":1,"retryReasons":[],"status":"passed","title":"accepts a plain HTTP API URL"},{"ancestorTitles":["parseServerUrlFromQr"],"duration":14,"failureDetails":[],"failureMessages":[],"fullName":"parseServerUrlFromQr reads server from an app deep link","invocations":1,"location":null,"numPassingAsserts":1,"retryReasons":[],"status":"passed","title":"reads server from an app deep link"},{"ancestorTitles":["parseServerUrlFromQr"],"duration":1,"failureDetails":[],"failureMessages":[],"fullName":"parseServerUrlFromQr adds http:// to a host:port payload","invocations":1,"location":null,"numPassingAsserts":1,"retryReasons":[],"status":"passed","title":"adds http:// to a host:port payload"},{"ancestorTitles":["parseServerUrlFromQr"],"duration":0,"failureDetails":[],"failureMessages":[],"fullName":"parseServerUrlFromQr rejects barcodes that are not server URLs","invocations":1,"location":null,"numPassingAsserts":2,"retryReasons":[],"status":"passed","title":"rejects barcodes that are not server URLs"},{"ancestorTitles":["phoneUnreachableHomeServerReason"],"duration":1,"failureDetails":[],"failureMessages":[],"fullName":"phoneUnreachableHomeServerReason rejects loopback and Expo Metro port","invocations":1,"location":null,"numPassingAsserts":3,"retryReasons":[],"status":"passed","title":"rejects loopback and Expo Metro port"},{"ancestorTitles":["phoneUnreachableHomeServerReason"],"duration":0,"failureDetails":[],"failureMessages":[],"fullName":"phoneUnreachableHomeServerReason hides QR for loopback addresses","invocations":1,"location":null,"numPassingAsserts":2,"retryReasons":[],"status":"passed","title":"hides QR for loopback addresses"},{"ancestorTitles":["serverUrlQrImageUri"],"duration":0,"failureDetails":[],"failureMessages":[],"fullName":"serverUrlQrImageUri encodes the server URL for the QR image","invocations":1,"location":null,"numPassingAsserts":2,"retryReasons":[],"status":"passed","title":"encodes the server URL for the QR image"}],"endTime":1790112315674,"message":"","name":"C:\\Users\\blahu\\Documents\\dev\\ai-recipe-app\\apps\\mobile\\lib\\__tests__\\parseServerUrlFromQr.test.ts","startTime":1790112314903,"status":"passed","summary":""},{"assertionResults":[{"ancestorTitles":["textMatchesSearch"],"duration":0,"failureDetails":[],"failureMessages":[],"fullName":"textMatchesSearch matches when query is empty","invocations":1,"location":null,"numPassingAsserts":2,"retryReasons":[],"status":"passed","title":"matches when query is empty"},{"ancestorTitles":["textMatchesSearch"],"duration":1,"failureDetails":[],"failureMessages":[],"fullName":"textMatchesSearch matches case-insensitive substring in any field","invocations":1,"location":null,"numPassingAsserts":2,"retryReasons":[],"status":"passed","title":"matches case-insensitive substring in any field"},{"ancestorTitles":["textMatchesSearch"],"duration":0,"failureDetails":[],"failureMessages":[],"fullName":"textMatchesSearch returns false when no field matches","invocations":1,"location":null,"numPassingAsserts":1,"retryReasons":[],"status":"passed","title":"returns false when no field matches"}],"endTime":1790112315715,"message":"","name":"C:\\Users\\blahu\\Documents\\dev\\ai-recipe-app\\apps\\mobile\\lib\\__tests__\\textSearch.test.ts","startTime":1790112315636,"status":"passed","summary":""},{"assertionResults":[{"ancestorTitles":["recipeMatchesSearch"],"duration":4,"failureDetails":[],"failureMessages":[],"fullName":"recipeMatchesSearch matches title","invocations":1,"location":null,"numPassingAsserts":1,"retryReasons":[],"status":"passed","title":"matches title"},{"ancestorTitles":["recipeMatchesSearch"],"duration":0,"failureDetails":[],"failureMessages":[],"fullName":"recipeMatchesSearch matches ingredient when title does not","invocations":1,"location":null,"numPassingAsserts":1,"retryReasons":[],"status":"passed","title":"matches ingredient when title does not"},{"ancestorTitles":["recipeMatchesSearch"],"duration":0,"failureDetails":[],"failureMessages":[],"fullName":"recipeMatchesSearch returns false when nothing matches","invocations":1,"location":null,"numPassingAsserts":1,"retryReasons":[],"status":"passed","title":"returns false when nothing matches"}],"endTime":1790112315569,"message":"","name":"C:\\Users\\blahu\\Documents\\dev\\ai-recipe-app\\apps\\mobile\\lib\\__tests__\\recipeSearch.test.ts","startTime":1790112314940,"status":"passed","summary":""},{"assertionResults":[{"ancestorTitles":["isCollapsibleExpanded"],"duration":4,"failureDetails":[],"failureMessages":[],"fullName":"isCollapsibleExpanded uses default when id is not in map","invocations":1,"location":null,"numPassingAsserts":2,"retryReasons":[],"status":"passed","title":"uses default when id is not in map"},{"ancestorTitles":["isCollapsibleExpanded"],"duration":0,"failureDetails":[],"failureMessages":[],"fullName":"isCollapsibleExpanded uses explicit map value when present","invocations":1,"location":null,"numPassingAsserts":2,"retryReasons":[],"status":"passed","title":"uses explicit map value when present"},{"ancestorTitles":["isCollapsibleExpanded"],"duration":0,"failureDetails":[],"failureMessages":[],"fullName":"isCollapsibleExpanded works with numeric ids","invocations":1,"location":null,"numPassingAsserts":1,"retryReasons":[],"status":"passed","title":"works with numeric ids"}],"endTime":1790112315576,"message":"","name":"C:\\Users\\blahu\\Documents\\dev\\ai-recipe-app\\apps\\mobile\\lib\\__tests__\\collapsibleExpanded.test.ts","startTime":1790112314959,"status":"passed","summary":""},{"assertionResults":[{"ancestorTitles":["shoppingListItemsInCart"],"duration":6,"failureDetails":[],"failureMessages":[],"fullName":"shoppingListItemsInCart returns only checked lines","invocations":1,"location":null,"numPassingAsserts":1,"retryReasons":[],"status":"passed","title":"returns only checked lines"}],"endTime":1790112315601,"message":"","name":"C:\\Users\\blahu\\Documents\\dev\\ai-recipe-app\\apps\\mobile\\lib\\__tests__\\stockFromShoppingList.test.ts","startTime":1790112314979,"status":"passed","summary":""},{"assertionResults":[{"ancestorTitles":["recipeListKey"],"duration":5,"failureDetails":[],"failureMessages":[],"fullName":"recipeListKey differs for same title at different indexes","invocations":1,"location":null,"numPassingAsserts":1,"retryReasons":[],"status":"passed","title":"differs for same title at different indexes"}],"endTime":1790112315598,"message":"","name":"C:\\Users\\blahu\\Documents\\dev\\ai-recipe-app\\apps\\mobile\\lib\\__tests__\\recipeListKey.test.ts","startTime":1790112314981,"status":"passed","summary":""},{"assertionResults":[{"ancestorTitles":["shoppingListResultMessage"],"duration":1,"failureDetails":[],"failureMessages":[],"fullName":"shoppingListResultMessage describes added items","invocations":1,"location":null,"numPassingAsserts":2,"retryReasons":[],"status":"passed","title":"describes added items"},{"ancestorTitles":["shoppingListResultMessage"],"duration":0,"failureDetails":[],"failureMessages":[],"fullName":"shoppingListResultMessage describes all stocked","invocations":1,"location":null,"numPassingAsserts":2,"retryReasons":[],"status":"passed","title":"describes all stocked"}],"endTime":1790112315747,"message":"","name":"C:\\Users\\blahu\\Documents\\dev\\ai-recipe-app\\apps\\mobile\\lib\\__tests__\\recipeShoppingList.test.ts","startTime":1790112315674,"status":"passed","summary":""}],"wasInterrupted":false}
